2021-02-24 10:25:50.564  INFO 5580 --- [restartedMain] c.e.order_system.OrderSystemApplication  : Starting OrderSystemApplication using Java 15.0.1 on DESKTOP-UVCK29M with PID 5580 (C:\Users\msys\Downloads\order_system\target\classes started by msys in C:\Users\msys\Downloads\order_system)
2021-02-24 10:25:50.571  INFO 5580 --- [restartedMain] c.e.order_system.OrderSystemApplication  : No active profile set, falling back to default profiles: default
2021-02-24 10:25:50.619  INFO 5580 --- [restartedMain] .e.DevToolsPropertyDefaultsPostProcessor : Devtools property defaults active! Set 'spring.devtools.add-properties' to 'false' to disable
2021-02-24 10:25:50.619  INFO 5580 --- [restartedMain] .e.DevToolsPropertyDefaultsPostProcessor : For additional web related logging consider setting the 'logging.level.web' property to 'DEBUG'
2021-02-24 10:25:51.422  INFO 5580 --- [restartedMain] .s.d.r.c.RepositoryConfigurationDelegate : Bootstrapping Spring Data JPA repositories in DEFAULT mode.
2021-02-24 10:25:51.490  INFO 5580 --- [restartedMain] .s.d.r.c.RepositoryConfigurationDelegate : Finished Spring Data repository scanning in 61 ms. Found 4 JPA repository interfaces.
2021-02-24 10:25:51.756  INFO 5580 --- [restartedMain] trationDelegate$BeanPostProcessorChecker : Bean 'org.springframework.ws.config.annotation.DelegatingWsConfiguration' of type [org.springframework.ws.config.annotation.DelegatingWsConfiguration$$EnhancerBySpringCGLIB$$6061dcbf] is not eligible for getting processed by all BeanPostProcessors (for example: not eligible for auto-proxying)
2021-02-24 10:25:51.815  INFO 5580 --- [restartedMain] .w.s.a.s.AnnotationActionEndpointMapping : Supporting [WS-Addressing August 2004, WS-Addressing 1.0]
2021-02-24 10:25:52.111  INFO 5580 --- [restartedMain] o.s.b.w.embedded.tomcat.TomcatWebServer  : Tomcat initialized with port(s): 8080 (http)
2021-02-24 10:25:52.121  INFO 5580 --- [restartedMain] o.apache.catalina.core.StandardService   : Starting service [Tomcat]
2021-02-24 10:25:52.121  INFO 5580 --- [restartedMain] org.apache.catalina.core.StandardEngine  : Starting Servlet engine: [Apache Tomcat/9.0.41]
2021-02-24 10:25:52.226  INFO 5580 --- [restartedMain] o.a.c.c.C.[Tomcat].[localhost].[/]       : Initializing Spring embedded WebApplicationContext
2021-02-24 10:25:52.226  INFO 5580 --- [restartedMain] w.s.c.ServletWebServerApplicationContext : Root WebApplicationContext: initialization completed in 1605 ms
2021-02-24 10:25:52.363  INFO 5580 --- [restartedMain] o.hibernate.jpa.internal.util.LogHelper  : HHH000204: Processing PersistenceUnitInfo [name: default]
2021-02-24 10:25:52.425  INFO 5580 --- [restartedMain] org.hibernate.Version                    : HHH000412: Hibernate ORM core version 5.4.27.Final
2021-02-24 10:25:52.590  INFO 5580 --- [restartedMain] o.hibernate.annotations.common.Version   : HCANN000001: Hibernate Commons Annotations {5.1.2.Final}
2021-02-24 10:25:52.702  INFO 5580 --- [restartedMain] com.zaxxer.hikari.HikariDataSource       : HikariPool-1 - Starting...
2021-02-24 10:25:53.156  INFO 5580 --- [restartedMain] com.zaxxer.hikari.HikariDataSource       : HikariPool-1 - Start completed.
2021-02-24 10:25:53.170  INFO 5580 --- [restartedMain] org.hibernate.dialect.Dialect            : HHH000400: Using dialect: org.hibernate.dialect.MySQL55Dialect
2021-02-24 10:25:54.976  INFO 5580 --- [restartedMain] o.h.e.t.j.p.i.JtaPlatformInitiator       : HHH000490: Using JtaPlatform implementation: [org.hibernate.engine.transaction.jta.platform.internal.NoJtaPlatform]
2021-02-24 10:25:54.977  INFO 5580 --- [restartedMain] j.LocalContainerEntityManagerFactoryBean : Initialized JPA EntityManagerFactory for persistence unit 'default'
2021-02-24 10:25:55.027  INFO 5580 --- [restartedMain] o.s.b.d.a.OptionalLiveReloadServer       : LiveReload server is running on port 35729
2021-02-24 10:25:55.504  WARN 5580 --- [restartedMain] JpaBaseConfiguration$JpaWebConfiguration : spring.jpa.open-in-view is enabled by default. Therefore, database queries may be performed during view rendering. Explicitly configure spring.jpa.open-in-view to disable this warning
2021-02-24 10:25:55.696  INFO 5580 --- [restartedMain] o.s.s.web.DefaultSecurityFilterChain     : Will secure any request with [org.springframework.security.web.context.request.async.WebAsyncManagerIntegrationFilter@5466d360, org.springframework.security.web.context.SecurityContextPersistenceFilter@ceef058, org.springframework.security.web.header.HeaderWriterFilter@3f4a85d4, org.springframework.security.web.authentication.logout.LogoutFilter@2ae0cda7, org.springframework.security.web.authentication.UsernamePasswordAuthenticationFilter@374bd39e, org.springframework.security.web.authentication.ui.DefaultLoginPageGeneratingFilter@a077386, org.springframework.security.web.authentication.ui.DefaultLogoutPageGeneratingFilter@58d943ba, org.springframework.security.web.savedrequest.RequestCacheAwareFilter@76677b3b, org.springframework.security.web.servletapi.SecurityContextHolderAwareRequestFilter@354bf754, org.springframework.security.web.authentication.AnonymousAuthenticationFilter@6df45f2a, org.springframework.security.web.session.SessionManagementFilter@44e02e2c, org.springframework.security.web.access.ExceptionTranslationFilter@395ce409, org.springframework.security.web.access.intercept.FilterSecurityInterceptor@72ef8f55]
2021-02-24 10:25:55.776  INFO 5580 --- [restartedMain] o.s.s.concurrent.ThreadPoolTaskExecutor  : Initializing ExecutorService 'applicationTaskExecutor'
2021-02-24 10:25:55.996  INFO 5580 --- [restartedMain] o.s.b.w.embedded.tomcat.TomcatWebServer  : Tomcat started on port(s): 8080 (http) with context path ''
2021-02-24 10:25:56.004  INFO 5580 --- [restartedMain] c.e.order_system.OrderSystemApplication  : Started OrderSystemApplication in 5.835 seconds (JVM running for 6.703)
2021-02-24 10:25:56.288  INFO 5580 --- [restartedMain] c.e.o.controller.AuthController          : finished loading data
2021-02-24 10:26:20.587  INFO 5580 --- [http-nio-8080-exec-2] o.a.c.c.C.[Tomcat].[localhost].[/]       : Initializing Spring DispatcherServlet 'dispatcherServlet'
2021-02-24 10:26:20.587  INFO 5580 --- [http-nio-8080-exec-2] o.s.web.servlet.DispatcherServlet        : Initializing Servlet 'dispatcherServlet'
2021-02-24 10:26:20.590  INFO 5580 --- [http-nio-8080-exec-2] o.s.web.servlet.DispatcherServlet        : Completed initialization in 3 ms
2021-02-24 10:26:20.693  INFO 5580 --- [http-nio-8080-exec-2] c.e.o.controller.RestaurantController    : restaurant information edited successfully
2021-02-24 10:28:34.430  INFO 5580 --- [http-nio-8080-exec-5] c.e.o.controller.RestaurantController    : restaurant information edited successfully
2021-02-24 10:28:48.558  INFO 5580 --- [http-nio-8080-exec-6] c.e.o.controller.RestaurantController    : restaurant information edited successfully
2021-02-24 10:29:05.167  INFO 5580 --- [http-nio-8080-exec-7] c.e.o.controller.RestaurantController    : restaurant information edited successfully
2021-02-24 10:29:17.615  INFO 5580 --- [http-nio-8080-exec-8] c.e.o.controller.RestaurantController    : restaurant information edited successfully
2021-02-24 10:29:42.967  INFO 5580 --- [http-nio-8080-exec-10] c.e.o.controller.RestaurantController    : restaurant information edited successfully
2021-02-24 10:29:52.578  INFO 5580 --- [http-nio-8080-exec-9] c.e.o.controller.RestaurantController    : restaurant information edited successfully
2021-02-24 10:29:54.081  INFO 5580 --- [http-nio-8080-exec-1] c.e.o.controller.RestaurantController    : restaurant information edited successfully
2021-02-24 10:29:55.641  INFO 5580 --- [http-nio-8080-exec-2] c.e.o.controller.RestaurantController    : restaurant information edited successfully
2021-02-24 10:29:56.551  INFO 5580 --- [http-nio-8080-exec-4] c.e.o.controller.RestaurantController    : restaurant information edited successfully
2021-02-24 10:30:01.459  INFO 5580 --- [http-nio-8080-exec-3] c.e.o.controller.RestaurantController    : restaurant information edited successfully
